2022-05-12T12:50:06.712912+0300 DEBUG '111' is not in list
2022-05-12T12:51:39.415661+0300 DEBUG '111' is not in list
2022-05-12T12:52:23.097606+0300 DEBUG '111' is not in list
2022-05-12 12:55:08.908 | DEBUG    | __main__:send_file:135 - '111' is not in list
2022-05-12 13:05:41.531 | DEBUG    | __main__:send_email:160 - Электронная почта введена не правильно - asdas
2022-05-12 13:08:22.685 | DEBUG    | __main__:send_email:160 - Электронная почта введена не правильно - Аоала | 123-1
2022-05-12 22:02:28.084 | DEBUG    | __main__:catalog:71 - Не понимаю данной команды - Покажи хуй
2022-05-20 12:56:06.174 | DEBUG    | __main__:catalog:71 - Не понимаю данной команды - 1798-1
2022-05-20 16:46:41.317 | INFO     | __main__:get_bcode_send:237 - Добавил: cash-1-1|10000002|2|Водка усадская хлебная 0.25л1234567890

2022-05-20 16:47:04.557 | INFO     | __main__:get_bcode_send:237 - Добавил: cash-1-1|10000002|2|Водка усадская хлебная 0.25л1234567890

2022-05-20 16:48:10.762 | INFO     | __main__:get_bcode_send:237 - Добавил: cash-1-1|10000002|2|Водка усадская хлебная 0.25л1234567890

2022-05-20 16:48:37.510 | INFO     | __main__:get_bcode_send:237 - Добавил: cash-1-1|10000002|2|Водка усадская хлебная 0.25л1234567890

2022-05-20 16:48:50.313 | INFO     | __main__:get_bcode_send:237 - Добавил: cash-1-1|10000002|2|Водка усадская хлебная 0.25л1234567890

2022-05-20 17:04:18.022 | INFO     | __main__:get_bcode_send:243 - Добавил: cash-1-1|10000002|4|мясо свинины

2022-05-20 17:04:42.274 | ERROR    | __main__:get_bcode_send:252 - can only concatenate str (not "int") to str
2022-05-20 17:07:09.814 | INFO     | __main__:get_bcode_send:243 - Добавил: cash-1-1|10000002|2|Водка усадская хлебная 0.25л1234567

2022-05-20 17:09:32.923 | INFO     | __main__:get_bcode_send:243 - Добавил: cash-1-1|10000002|2|Водка усадская хлебная 0.25л12

2022-05-20 17:10:19.779 | INFO     | __main__:get_bcode_send:243 - Добавил: cash-1-1|10000002|2|Водка усадская хлебная 0.25л

2022-05-20 17:11:57.025 | INFO     | __main__:get_bcode_send:243 - Добавил: cash-1-1|10000002|2|Водка усадская хлебная 0.25л34

2022-05-20 17:18:02.554 | INFO     | __main__:get_bcode_send:243 - Добавил: cash-1-1|10000002|2|Водка усадская хлебная 0.25л3456789

2022-05-20 17:18:22.125 | INFO     | __main__:get_bcode_send:243 - Добавил: cash-1-1|10000002|2|Водка усадская хлебная 0.25л3456789

2022-05-20 17:18:41.260 | INFO     | __main__:get_bcode_send:243 - Добавил: cash-1-1|10000002|2|Водка усадская хлебная 0.25л34

2022-05-20 17:19:44.186 | INFO     | __main__:get_bcode_send:243 - Добавил: cash-1-1|10000002|2|Водка усадская хлебная 0.25л3456789

2022-05-20 17:19:53.575 | INFO     | __main__:get_bcode_send:243 - Добавил: cash-1-1|10000002|2|Водка усадская хлебная 0.25л34

2022-05-20 17:21:10.965 | INFO     | __main__:get_bcode_send:243 - Добавил: cash-1-1|10000002|2|Водка усадская хлебная 0.25л34

2022-05-20 17:21:20.842 | DEBUG    | __main__:catalog:66 - Не понимаю данной команды - Водка усадская хлебная 0.
2022-05-20 17:21:33.465 | INFO     | __main__:get_bcode_send:243 - Добавил: cash-1-1|10000002|2|Водка усадская хлебная 0.

2022-05-20 17:23:10.451 | INFO     | __main__:get_bcode_send:243 - Добавил: cash-1-1|10000002|2|Водка усадская

2022-05-20 17:31:22.030 | INFO     | __main__:get_bcode_send:244 - Добавил: cash-1-1|10000002|2|Водска усадская

2022-05-20 17:32:37.573 | INFO     | __main__:get_bcode_send:244 - Добавил: cash-1-1|10000002|2|Водска усадская

2022-05-20 17:35:54.427 | INFO     | __main__:get_bcode_send:245 - Добавил: cash-1-1|10000002|2|Водска усадская

2022-05-20 17:36:52.309 | ERROR    | __main__:get_bcode_send:254 - can only concatenate str (not "int") to str
2022-05-20 17:40:40.286 | INFO     | __main__:get_bcode_send:245 - Добавил: cash-1-1|10000002|2|Водка усадская хлебная 0.25л12

2022-05-20 17:43:53.592 | ERROR    | __main__:get_bcode_send:254 - can only concatenate str (not "int") to str
2022-05-20 17:44:50.623 | INFO     | __main__:get_bcode_send:245 - Добавил: cash-1-1|10000000|2|Водка усадская хлебная 0.25л1211111

2022-05-20 17:48:52.379 | DEBUG    | __main__:get_bcode_send:255 - Название товара не прошла проверку Водка усадская хлебная 0.25л121111111111 - 40
2022-05-20 17:48:52.380 | ERROR    | __main__:get_bcode_send:256 - can only concatenate str (not "int") to str
2022-05-20 17:49:14.161 | INFO     | __main__:get_bcode_send:245 - Добавил: cash-1-1|10000001|2|Водка усадская хлебная 0.25л1211111

2022-05-20 17:49:42.289 | INFO     | __main__:get_bcode_send:245 - Добавил: cash-1-1|10000001|2|Водка усадская хлебная 0.25л1211111

2022-05-20 17:50:16.210 | INFO     | __main__:get_bcode_send:245 - Добавил: cash-1-1|1000027|2|Водка усадская хлебная 0.25л1211111

2022-05-20 17:52:43.740 | INFO     | __main__:get_bcode_send:245 - Добавил: cash-1-1|100000027|2|Водка усадская хлебная 0.25л1211111

2022-05-20 17:53:05.118 | INFO     | __main__:get_bcode_send:245 - Добавил: cash-1-1|100000028|2|Водка усадская хлебная 0.25л1211111

2022-05-20 18:18:11.862 | INFO     | __main__:get_bcode_send:250 - Добавил: cash-1-1|10000000|2|asdasdas

2022-05-20 19:14:13.883 | INFO     | __main__:get_bcode_send:250 - Добавил: cash-1-1|10000001|2|фывфывфы

2022-05-20 19:14:42.216 | INFO     | __main__:get_bcode_send:250 - Добавил: cash-1-1|10000002|2|ваываыва

2022-05-20 19:23:30.006 | INFO     | __main__:get_bcode_send:250 - Добавил: cash-1-1|10000003|2|asdasdas

2022-05-20 19:24:44.285 | DEBUG    | __main__:gen_bcode_start:203 - Номер кассы введена не правильно - 1-1-
2022-05-20 19:24:57.698 | INFO     | __main__:get_bcode_send:250 - Добавил: cash-1-1|10000004|2|aasdasd

2022-05-21 08:21:27.525 | INFO     | __main__:get_bcode_send:250 - Добавил: cash-1-1|10000005|2|fsdfsdfsd

2022-05-21 08:31:17.396 | INFO     | __main__:get_bcode_send:252 - Добавил: cash-1-1|10000006|2|аываыва

